<?xml version="1.0" encoding="UTF-8"?>
<!-- Generated by org.testng.reporters.JUnitXMLReporter -->
<testsuite hostname="DESKTOP-7C7M603" name="Login functionality testing" tests="5" failures="0" timestamp="13 Oct 2019 09:48:58 GMT" time="137.901" errors="0">
  <testcase name="@BeforeClass isSkip" time="0.0" classname="com.companyName.projectName.testCases.TC003_Create_an_Account">
    <skipped/>
  </testcase> <!-- @BeforeClass isSkip -->
  <testcase name="@BeforeClass isSkip" time="0.0" classname="com.companyName.projectName.testCases.TC005_Create_an_Account">
    <skipped/>
  </testcase> <!-- @BeforeClass isSkip -->
  <testcase name="TC001_Create_An_Account" time="36.985" classname="com.companyName.projectName.testCases.TC001_Create_an_Account"/>
  <testcase name="TC002_Create_An_Account" time="35.169" classname="com.companyName.projectName.testCases.TC002_Create_an_Account"/>
  <testcase name="TC003_Create_An_Account" time="0.001" classname="com.companyName.projectName.testCases.TC003_Create_an_Account">
    <skipped/>
  </testcase> <!-- TC003_Create_An_Account -->
  <testcase name="TC004_Create_An_Account" time="61.402" classname="com.companyName.projectName.testCases.TC004_Create_an_Account"/>
  <testcase name="TC005_Create_An_Account" time="0.001" classname="com.companyName.projectName.testCases.TC005_Create_an_Account">
    <skipped/>
  </testcase> <!-- TC005_Create_An_Account -->
</testsuite> <!-- Login functionality testing -->
